Build started 30-4-2019 17:21:47.
     1>Project "C:\Users\marij\OneDrive\Studie TI\Honours\DaisyRiot\TryCuda\TryCuda.vcxproj" on node 2 (Build target(s)).
     1>ClCompile:
         C:\Program Files (x86)\Microsoft Visual Studio 12.0\VC\bin\x86_amd64\CL.exe /c /I"C:\Program Files\NVIDIA GPU Computing Toolkit\CUDA\v9.0\include" /Zi /nologo /W3 /WX- /O2 /Oi /GL /D WIN32 /D WIN64 /D NDEBUG /D _CONSOLE /D _MBCS /Gm- /EHsc /MD /GS /Gy /fp:precise /Zc:wchar_t /Zc:forScope /Fo"x64\Release\\" /Fd"x64\Release\vc120.pdb" /Gd /TP /errorReport:prompt main.cpp
         main.cpp
       Link:
         C:\Program Files (x86)\Microsoft Visual Studio 12.0\VC\bin\x86_amd64\link.exe /ERRORREPORT:PROMPT /OUT:"C:\Users\marij\OneDrive\Studie TI\Honours\DaisyRiot\visual studio\x64\Release\TryCuda.exe" /NOLOGO /LIBPATH:"C:\Program Files\NVIDIA GPU Computing Toolkit\CUDA\v9.0\lib\x64" cudart.lib kernel32.lib user32.lib gdi32.lib winspool.lib comdlg32.lib advapi32.lib shell32.lib ole32.lib oleaut32.lib uuid.lib odbc32.lib odbccp32.lib kernel32.lib user32.lib gdi32.lib winspool.lib comdlg32.lib advapi32.lib shell32.lib ole32.lib oleaut32.lib uuid.lib odbc32.lib odbccp32.lib /MANIFEST /MANIFESTUAC:"level='asInvoker' uiAccess='false'" /manifest:embed /DEBUG /PDB:"C:\Users\marij\OneDrive\Studie TI\Honours\DaisyRiot\visual studio\x64\Release\TryCuda.pdb" /SUBSYSTEM:CONSOLE /OPT:REF /OPT:ICF /LTCG /TLBID:1 /DYNAMICBASE /NXCOMPAT /IMPLIB:"C:\Users\marij\OneDrive\Studie TI\Honours\DaisyRiot\visual studio\x64\Release\TryCuda.lib" /MACHINE:X64 x64\Release\kernel.cu.obj
         x64\Release\main.obj
         Generating code
         Finished generating code
         TryCuda.vcxproj -> C:\Users\marij\OneDrive\Studie TI\Honours\DaisyRiot\visual studio\x64\Release\TryCuda.exe
       PostBuildEvent:
         echo copy "C:\Program Files\NVIDIA GPU Computing Toolkit\CUDA\v9.0\bin\cudart*.dll" "C:\Users\marij\OneDrive\Studie TI\Honours\DaisyRiot\visual studio\x64\Release\"
         copy "C:\Program Files\NVIDIA GPU Computing Toolkit\CUDA\v9.0\bin\cudart*.dll" "C:\Users\marij\OneDrive\Studie TI\Honours\DaisyRiot\visual studio\x64\Release\"
         :VCEnd
         copy "C:\Program Files\NVIDIA GPU Computing Toolkit\CUDA\v9.0\bin\cudart*.dll" "C:\Users\marij\OneDrive\Studie TI\Honours\DaisyRiot\visual studio\x64\Release\"
         C:\Program Files\NVIDIA GPU Computing Toolkit\CUDA\v9.0\bin\cudart32_90.dll
         C:\Program Files\NVIDIA GPU Computing Toolkit\CUDA\v9.0\bin\cudart64_90.dll
                 2 file(s) copied.
     1>Done Building Project "C:\Users\marij\OneDrive\Studie TI\Honours\DaisyRiot\TryCuda\TryCuda.vcxproj" (Build target(s)).

Build succeeded.

Time Elapsed 00:00:01.09
