Build started 30-4-2019 16:56:18.
     1>Project "C:\Users\marij\OneDrive\Studie TI\Honours\DaisyRiot\TryCuda\TryCuda.vcxproj" on node 2 (Build target(s)).
     1>AddCudaCompileDeps:
         C:\Program Files (x86)\Microsoft Visual Studio 12.0\VC\bin\x86_amd64\cl.exe /E /nologo /showIncludes /TP /D__CUDACC__ /DWIN32 /DWIN64 /D_DEBUG /D_CONSOLE /D_MBCS /I"C:\Program Files\NVIDIA GPU Computing Toolkit\CUDA\v9.0\include" /I"C:\Program Files\NVIDIA GPU Computing Toolkit\CUDA\v9.0\bin" /I"C:\Program Files\NVIDIA GPU Computing Toolkit\CUDA\v9.0\include" /I. /FIcuda_runtime.h /c "C:\Users\marij\OneDrive\Studie TI\Honours\DaisyRiot\TryCuda\kernel.cu" 
     1>Project "C:\Users\marij\OneDrive\Studie TI\Honours\DaisyRiot\TryCuda\TryCuda.vcxproj" (1) is building "C:\Users\marij\OneDrive\Studie TI\Honours\DaisyRiot\TryCuda\TryCuda.vcxproj" (1:2) on node 2 (CudaBuildCore target(s)).
     1>CudaBuildCore:
         Compiling CUDA source file kernel.cu...
         cmd.exe /C "C:\Users\marij\AppData\Local\Temp\tmp86733af9c1824a469214d0ff2e2096f3.cmd"
         "C:\Program Files\NVIDIA GPU Computing Toolkit\CUDA\v9.0\bin\nvcc.exe" -gencode=arch=compute_30,code=\"sm_30,compute_30\" --use-local-env --cl-version 2013 -ccbin "C:\Program Files (x86)\Microsoft Visual Studio 12.0\VC\bin\x86_amd64" -x cu  -I"C:\Program Files\NVIDIA GPU Computing Toolkit\CUDA\v9.0\include" -I"C:\Program Files\NVIDIA GPU Computing Toolkit\CUDA\v9.0\include"  -G   --keep-dir x64\Debug -maxrregcount=0  --machine 64 --compile -cudart static  -g   -DWIN32 -DWIN64 -D_DEBUG -D_CONSOLE -D_MBCS -Xcompiler "/EHsc /W3 /nologo /Od /FS /Zi /RTC1 /MDd " -o x64\Debug\kernel.cu.obj "C:\Users\marij\OneDrive\Studie TI\Honours\DaisyRiot\TryCuda\kernel.cu"
         
         C:\Users\marij\OneDrive\Studie TI\Honours\DaisyRiot\TryCuda>"C:\Program Files\NVIDIA GPU Computing Toolkit\CUDA\v9.0\bin\nvcc.exe" -gencode=arch=compute_30,code=\"sm_30,compute_30\" --use-local-env --cl-version 2013 -ccbin "C:\Program Files (x86)\Microsoft Visual Studio 12.0\VC\bin\x86_amd64" -x cu  -I"C:\Program Files\NVIDIA GPU Computing Toolkit\CUDA\v9.0\include" -I"C:\Program Files\NVIDIA GPU Computing Toolkit\CUDA\v9.0\include"  -G   --keep-dir x64\Debug -maxrregcount=0  --machine 64 --compile -cudart static  -g   -DWIN32 -DWIN64 -D_DEBUG -D_CONSOLE -D_MBCS -Xcompiler "/EHsc /W3 /nologo /Od /FS /Zi /RTC1 /MDd " -o x64\Debug\kernel.cu.obj "C:\Users\marij\OneDrive\Studie TI\Honours\DaisyRiot\TryCuda\kernel.cu" 
         kernel.cu
     1>Done Building Project "C:\Users\marij\OneDrive\Studie TI\Honours\DaisyRiot\TryCuda\TryCuda.vcxproj" (CudaBuildCore target(s)).
     1>Link:
         C:\Program Files (x86)\Microsoft Visual Studio 12.0\VC\bin\x86_amd64\link.exe /ERRORREPORT:PROMPT /OUT:"C:\Users\marij\OneDrive\Studie TI\Honours\DaisyRiot\visual studio\x64\Debug\TryCuda.exe" /INCREMENTAL /NOLOGO /LIBPATH:"C:\Program Files\NVIDIA GPU Computing Toolkit\CUDA\v9.0\lib\x64" cudart.lib kernel32.lib user32.lib gdi32.lib winspool.lib comdlg32.lib advapi32.lib shell32.lib ole32.lib oleaut32.lib uuid.lib odbc32.lib odbccp32.lib kernel32.lib user32.lib gdi32.lib winspool.lib comdlg32.lib advapi32.lib shell32.lib ole32.lib oleaut32.lib uuid.lib odbc32.lib odbccp32.lib /MANIFEST /MANIFESTUAC:"level='asInvoker' uiAccess='false'" /manifest:embed /DEBUG /PDB:"C:\Users\marij\OneDrive\Studie TI\Honours\DaisyRiot\visual studio\x64\Debug\TryCuda.pdb" /SUBSYSTEM:CONSOLE /TLBID:1 /DYNAMICBASE /NXCOMPAT /IMPLIB:"C:\Users\marij\OneDrive\Studie TI\Honours\DaisyRiot\visual studio\x64\Debug\TryCuda.lib" /MACHINE:X64 x64\Debug\kernel.cu.obj
         TryCuda.vcxproj -> C:\Users\marij\OneDrive\Studie TI\Honours\DaisyRiot\visual studio\x64\Debug\TryCuda.exe
       PostBuildEvent:
         echo copy "C:\Program Files\NVIDIA GPU Computing Toolkit\CUDA\v9.0\bin\cudart*.dll" "C:\Users\marij\OneDrive\Studie TI\Honours\DaisyRiot\visual studio\x64\Debug\"
         copy "C:\Program Files\NVIDIA GPU Computing Toolkit\CUDA\v9.0\bin\cudart*.dll" "C:\Users\marij\OneDrive\Studie TI\Honours\DaisyRiot\visual studio\x64\Debug\"
         :VCEnd
         copy "C:\Program Files\NVIDIA GPU Computing Toolkit\CUDA\v9.0\bin\cudart*.dll" "C:\Users\marij\OneDrive\Studie TI\Honours\DaisyRiot\visual studio\x64\Debug\"
         C:\Program Files\NVIDIA GPU Computing Toolkit\CUDA\v9.0\bin\cudart32_90.dll
         C:\Program Files\NVIDIA GPU Computing Toolkit\CUDA\v9.0\bin\cudart64_90.dll
                 2 file(s) copied.
     1>Done Building Project "C:\Users\marij\OneDrive\Studie TI\Honours\DaisyRiot\TryCuda\TryCuda.vcxproj" (Build target(s)).

Build succeeded.

Time Elapsed 00:00:03.37
